<?xml version="1.0" encoding="UTF-8"?>
<testsuite xmlns:xsi="http://www.w3.org/2001/XMLSchema-instance" xsi:noNamespaceSchemaLocation="https://maven.apache.org/surefire/maven-surefire-plugin/xsd/surefire-test-report-3.0.xsd" version="3.0" name="TestSuite" time="1.519" tests="1" errors="0" skipped="0" failures="0">
  <properties>
    <property name="java.specification.version" value="21"/>
    <property name="sun.cpu.isalist" value="amd64"/>
    <property name="sun.jnu.encoding" value="Cp1252"/>
    <property name="java.class.path" value="F:\Testing\Initiliji\WorkSpace\Maven_JenkinsSelenium\target\test-classes;F:\Testing\Initiliji\WorkSpace\Maven_JenkinsSelenium\target\classes;C:\Users\Ahmed\.m2\repository\org\testng\testng\7.11.0\testng-7.11.0.jar;C:\Users\Ahmed\.m2\repository\org\slf4j\slf4j-api\2.0.16\slf4j-api-2.0.16.jar;C:\Users\Ahmed\.m2\repository\org\jcommander\jcommander\1.83\jcommander-1.83.jar;C:\Users\Ahmed\.m2\repository\org\webjars\jquery\3.7.1\jquery-3.7.1.jar;"/>
    <property name="java.vm.vendor" value="Oracle Corporation"/>
    <property name="sun.arch.data.model" value="64"/>
    <property name="user.variant" value=""/>
    <property name="java.vendor.url" value="https://java.oracle.com/"/>
    <property name="user.timezone" value="Africa/Cairo"/>
    <property name="os.name" value="Windows 10"/>
    <property name="java.vm.specification.version" value="21"/>
    <property name="sun.java.launcher" value="SUN_STANDARD"/>
    <property name="user.country" value="US"/>
    <property name="sun.boot.library.path" value="C:\Program Files\Java\jdk-21\bin"/>
    <property name="sun.java.command" value="C:\Users\Ahmed\AppData\Local\Temp\surefire12768010997031576497\surefirebooter-20251021214920457_3.jar C:\Users\Ahmed\AppData\Local\Temp\surefire12768010997031576497 2025-10-21T21-49-18_561-jvmRun1 surefire-20251021214920457_1tmp surefire_0-20251021214920457_2tmp"/>
    <property name="jdk.debug" value="release"/>
    <property name="surefire.test.class.path" value="F:\Testing\Initiliji\WorkSpace\Maven_JenkinsSelenium\target\test-classes;F:\Testing\Initiliji\WorkSpace\Maven_JenkinsSelenium\target\classes;C:\Users\Ahmed\.m2\repository\org\testng\testng\7.11.0\testng-7.11.0.jar;C:\Users\Ahmed\.m2\repository\org\slf4j\slf4j-api\2.0.16\slf4j-api-2.0.16.jar;C:\Users\Ahmed\.m2\repository\org\jcommander\jcommander\1.83\jcommander-1.83.jar;C:\Users\Ahmed\.m2\repository\org\webjars\jquery\3.7.1\jquery-3.7.1.jar;"/>
    <property name="sun.cpu.endian" value="little"/>
    <property name="user.home" value="C:\Users\Ahmed"/>
    <property name="user.language" value="en"/>
    <property name="java.specification.vendor" value="Oracle Corporation"/>
    <property name="java.version.date" value="2024-10-15"/>
    <property name="java.home" value="C:\Program Files\Java\jdk-21"/>
    <property name="file.separator" value="\"/>
    <property name="basedir" value="F:\Testing\Initiliji\WorkSpace\Maven_JenkinsSelenium"/>
    <property name="java.vm.compressedOopsMode" value="32-bit"/>
    <property name="line.separator" value="&#10;"/>
    <property name="java.vm.specification.vendor" value="Oracle Corporation"/>
    <property name="java.specification.name" value="Java Platform API Specification"/>
    <property name="surefire.real.class.path" value="C:\Users\Ahmed\AppData\Local\Temp\surefire12768010997031576497\surefirebooter-20251021214920457_3.jar"/>
    <property name="user.script" value=""/>
    <property name="sun.management.compiler" value="HotSpot 64-Bit Tiered Compilers"/>
    <property name="java.runtime.version" value="21.0.5+9-LTS-239"/>
    <property name="user.name" value="Ahmed"/>
    <property name="stdout.encoding" value="Cp1252"/>
    <property name="path.separator" value=";"/>
    <property name="os.version" value="10.0"/>
    <property name="java.runtime.name" value="Java(TM) SE Runtime Environment"/>
    <property name="file.encoding" value="UTF-8"/>
    <property name="java.vm.name" value="Java HotSpot(TM) 64-Bit Server VM"/>
    <property name="localRepository" value="C:\Users\Ahmed\.m2\repository"/>
    <property name="java.vendor.url.bug" value="https://bugreport.java.com/bugreport/"/>
    <property name="java.io.tmpdir" value="C:\Users\Ahmed\AppData\Local\Temp\"/>
    <property name="java.version" value="21.0.5"/>
    <property name="user.dir" value="F:\Testing\Initiliji\WorkSpace\Maven_JenkinsSelenium"/>
    <property name="os.arch" value="amd64"/>
    <property name="java.vm.specification.name" value="Java Virtual Machine Specification"/>
    <property name="sun.os.patch.level" value=""/>
    <property name="native.encoding" value="Cp1252"/>
    <property name="java.library.path" value="C:\Program Files\Java\jdk-21\bin;C:\Windows\Sun\Java\bin;C:\Windows\system32;C:\Windows;C:\Program Files\Common Files\Oracle\Java\javapath;E:\ziad\python\Scripts\;E:\ziad\python\;C:\Program Files\Common Files\Siemens\Automation\Simatic OAM\bin;C:\Windows\system32;C:\Windows;C:\Windows\System32\Wbem;C:\Windows\System32\WindowsPowerShell\v1.0\;C:\Windows\System32\OpenSSH\;C:\Program Files (x86)\Microsoft SQL Server\Client SDK\ODBC\110\Tools\Binn\;C:\Program Files (x86)\Microsoft SQL Server\120\Tools\Binn\;C:\Program Files (x86)\Microsoft SQL Server\120\DTS\Binn\;E:\BIGMATLAB\runtime\win64;E:\BIGMATLAB\bin;E:\BIGMATLAB\polyspace\bin;C:\Program Files (x86)\dotnet\;E:\MATLAB_LEYA\runtime\win64;E:\MATLAB_LEYA\bin;E:\MATLAB_LEYA\polyspace\bin;C:\yagarto-20121222\bin;E:\PUTTY\;C:\Program Files\dotnet\;C:\Program Files (x86)\IVI Foundation\VISA\WinNT\Bin\;C:\Program Files\IVI Foundation\VISA\Win64\Bin\;C:\Program Files (x86)\IVI Foundation\VISA\WinNT\Bin;C:\Program Files\MATLAB\MATLAB Runtime\v95\runtime\win64;C:\Users\Ahmed\AppData\Local\Microsoft\WindowsApps\PythonSoftwareFoundation.Python.3.11_qbz5n2kfra8p0;F:\Automation_Testing\MobileApplication\Setup\NodeJs\Setup\;C:\Program Files\Java\jdk-21\\bin;C:\Users\Ahmed\AppData\Local\Microsoft\WindowsApps;C:\Users\Ahmed\AppData\Local\Packages\PythonSoftwareFoundation.Python.3.11_qbz5n2kfra8p0\LocalCache\local-packages\Python311\Scripts;F:\Automation_Testing\Allure_Reporting\allure-2.33.0\allure-2.33.0\bin;F:\$$$$DERASA$$$$\GP\MOSQUITTO_BROKER\mosquitto;F:\Testing\Automatic_testing\MAven_Workspace\apache-maven-3.9.9\bin;E:\GIT\Git\cmd;F:\DevOps\Kubernates\Minikube_Workspace;C:\Users\Ahmed\AppData\Local\Microsoft\WindowsApps;E:\E.S imt\01-TOOLS\IMT Tools\TOOL\mingw64\bin;C:\Users\Ahmed\AppData\Local\GitHubDesktop\bin;F:\Visual Stduio Code\STUP\bin;C:\Users\Ahmed\AppData\Roaming\npm;F:\Automation_Testing\MobileApplication\Setup\AndroidStudio\Workspace\tools;F:\Automation_Testing\MobileApplication\Setup\AndroidStudio\Workspace\emulator;F:\Automation_Testing\MobileApplication\Setup\AndroidStudio\Workspace\platform-tools;F:\Automation_Testing\MobileApplication\Setup\AndroidStudio\Workspace\tools\bin;F:\Automation_Testing\Allure_Reporting\allure-2.33.0\allure-2.33.0\bin;F:\Testing\Automatic_testing\MAven_Workspace\apache-maven-3.9.9\bin;F:\Testing\Initiliji\Setup\bin;."/>
    <property name="java.vm.info" value="mixed mode, sharing"/>
    <property name="stderr.encoding" value="Cp1252"/>
    <property name="java.vendor" value="Oracle Corporation"/>
    <property name="java.vm.version" value="21.0.5+9-LTS-239"/>
    <property name="sun.io.unicode.encoding" value="UnicodeLittle"/>
    <property name="java.class.version" value="65.0"/>
  </properties>
  <testcase name="H1" classname="Tests.VX" time="0.014">
    <system-out><![CDATA[Hello World From Ahmed Salem Jenkins
]]></system-out>
    <system-err><![CDATA[SLF4J(W): No SLF4J providers were found.
SLF4J(W): Defaulting to no-operation (NOP) logger implementation
SLF4J(W): See https://www.slf4j.org/codes.html#noProviders for further details.
]]></system-err>
  </testcase>
</testsuite>