<?xml version="1.0" encoding="UTF-8"?>
<!-- Generated by org.testng.reporters.JUnitReportReporter -->
<testsuite hostname="DESKTOP-3IKNG7M" failures="0" tests="1" name="Tests.VX" time="0.010" errors="0" timestamp="2025-10-21T21:49:23 EEST" skipped="0">
  <testcase classname="Tests.VX" name="H1" time="0.010"/>
</testsuite> <!-- Tests.VX -->
